<?xml version="1.0" encoding="UTF-8"?>
<testsuite xmlns:xsi="http://www.w3.org/2001/XMLSchema-instance" xsi:noNamespaceSchemaLocation="https://maven.apache.org/surefire/maven-surefire-plugin/xsd/surefire-test-report.xsd" version="3.0.2" name="lipid.AdductDetectionTest" time="0.0" tests="5" errors="0" skipped="0" failures="0">
  <properties>
[...]
</properties>
  <testcase name="testGetMonoisotopicMass" classname="lipid.AdductDetectionTest" time="0.0"/>
  <testcase name="shouldDetectDoublyChargedAdduct" classname="lipid.AdductDetectionTest" time="0.0"/>
  <testcase name="shouldDetectAdductBasedOnMzDifference" classname="lipid.AdductDetectionTest" time="0.0"/>
  <testcase name="testGetCharge" classname="lipid.AdductDetectionTest" time="0.0"/>
  <testcase name="shouldDetectLossOfWaterAdduct" classname="lipid.AdductDetectionTest" time="0.0"/>
</testsuite>