<?xml version="1.0" encoding="UTF-8"?>
<testsuite xmlns:xsi="http://www.w3.org/2001/XMLSchema-instance" xsi:noNamespaceSchemaLocation="https://maven.apache.org/surefire/maven-surefire-plugin/xsd/surefire-test-report.xsd" version="3.0.2" name="atm.OperationUnitTest" time="0.629" tests="2" errors="0" skipped="0" failures="0">
  <properties>
[...]
</properties>
  <testcase name="testNonVerifiedOperationRule" classname="atm.OperationUnitTest" time="0.555">
    <system-out><![CDATA[2025-03-14 13:37:49,403 [main] INFO  Creating RuleUnit
2025-03-14 13:37:49,637 [main] INFO  Insert data
2025-03-14 13:37:49,642 [main] INFO  Run query. Rules are also fired
Operation{id_operation=3, verified=true, date_expired=false, pin=true, tries=NOT_EXPIRED, balance=1000.0, price=100.0, limit=500.0, authorized=false} authorized. 
Operation{id_operation=6, verified=false, date_expired=true, pin=true, tries=NOT_EXPIRED, balance=100.0, price=1000.0, limit=500.0, authorized=false} not authorized due to lack of verification. 
Operation{id_operation=7, verified=false, date_expired=true, pin=true, tries=NOT_EXPIRED, balance=100.0, price=1000.0, limit=500.0, authorized=false} not authorized due to lack of verification. 
Operation{id_operation=1, verified=true, date_expired=false, pin=true, tries=EXPIRED, balance=100.0, price=1000.0, limit=500.0, authorized=false} not authorized due to limit. 
Operation{id_operation=2, verified=true, date_expired=false, pin=true, tries=NOT_EXPIRED, balance=100.0, price=1000.0, limit=500.0, authorized=false} not authorized due to limit. 
Operation{id_operation=4, verified=true, date_expired=false, pin=true, tries=NOT_EXPIRED, balance=1000.0, price=10000.0, limit=500.0, authorized=false} not authorized due to limit. 
Operation{id_operation=5, verified=true, date_expired=true, pin=true, tries=EXPIRED, balance=100.0, price=1000.0, limit=500.0, authorized=false} not authorized due to limit. 
Operation{id_operation=6, verified=false, date_expired=true, pin=true, tries=NOT_EXPIRED, balance=100.0, price=1000.0, limit=500.0, authorized=false} not authorized due to limit. 
Operation{id_operation=7, verified=false, date_expired=true, pin=true, tries=NOT_EXPIRED, balance=100.0, price=1000.0, limit=500.0, authorized=false} not authorized due to limit. 
null
]]></system-out>
  </testcase>
  <testcase name="testAuthorizedOperations" classname="atm.OperationUnitTest" time="0.008">
    <system-out><![CDATA[2025-03-14 13:37:49,683 [main] INFO  Creating RuleUnit
2025-03-14 13:37:49,683 [main] INFO  Insert data
2025-03-14 13:37:49,684 [main] INFO  Run query. Rules are also fired
Operation{id_operation=3, verified=true, date_expired=false, pin=true, tries=NOT_EXPIRED, balance=1000.0, price=100.0, limit=500.0, authorized=false} authorized. 
Operation{id_operation=6, verified=false, date_expired=true, pin=true, tries=NOT_EXPIRED, balance=100.0, price=1000.0, limit=500.0, authorized=false} not authorized due to lack of verification. 
Operation{id_operation=7, verified=false, date_expired=true, pin=true, tries=NOT_EXPIRED, balance=100.0, price=1000.0, limit=500.0, authorized=false} not authorized due to lack of verification. 
Operation{id_operation=1, verified=true, date_expired=false, pin=true, tries=EXPIRED, balance=100.0, price=1000.0, limit=500.0, authorized=false} not authorized due to limit. 
Operation{id_operation=2, verified=true, date_expired=false, pin=true, tries=NOT_EXPIRED, balance=100.0, price=1000.0, limit=500.0, authorized=false} not authorized due to limit. 
Operation{id_operation=4, verified=true, date_expired=false, pin=true, tries=NOT_EXPIRED, balance=1000.0, price=10000.0, limit=500.0, authorized=false} not authorized due to limit. 
Operation{id_operation=5, verified=true, date_expired=true, pin=true, tries=EXPIRED, balance=100.0, price=1000.0, limit=500.0, authorized=false} not authorized due to limit. 
Operation{id_operation=6, verified=false, date_expired=true, pin=true, tries=NOT_EXPIRED, balance=100.0, price=1000.0, limit=500.0, authorized=false} not authorized due to limit. 
Operation{id_operation=7, verified=false, date_expired=true, pin=true, tries=NOT_EXPIRED, balance=100.0, price=1000.0, limit=500.0, authorized=false} not authorized due to limit. 
]]></system-out>
  </testcase>
</testsuite>