<?xml version="1.0" encoding="UTF-8"?>
<testsuite xmlns:xsi="http://www.w3.org/2001/XMLSchema-instance" xsi:noNamespaceSchemaLocation="https://maven.apache.org/surefire/maven-surefire-plugin/xsd/surefire-test-report.xsd" version="3.0.2" name="dss.RuleTest" time="0.0" tests="1" errors="0" skipped="0" failures="0">
  <properties>
[...]
</properties>
  <testcase name="test" classname="dss.RuleTest" time="0.0">
    <system-out><![CDATA[2025-03-14 13:37:49,699 [main] INFO  Creating RuleUnit
2025-03-14 13:37:49,700 [main] INFO  Insert data
2025-03-14 13:37:49,701 [main] INFO  Run query. Rules are also fired
[Measurement [id=color, val=red], Measurement [id=color, val=green], Measurement [id=color, val=blue]]
]]></system-out>
  </testcase>
</testsuite>